2007.08.17 12:23 B D:\wamp\www\Smarty\BUGS --> ftp.techone.net.au /projects/vote4me.com.au/Smarty BUGS
2007.08.17 12:23 B D:\wamp\www\Smarty\ChangeLog --> ftp.techone.net.au /projects/vote4me.com.au/Smarty ChangeLog
2007.08.17 12:23 B D:\wamp\www\Smarty\COPYING.lib --> ftp.techone.net.au /projects/vote4me.com.au/Smarty COPYING.lib
2007.08.17 12:23 B D:\wamp\www\Smarty\FAQ --> ftp.techone.net.au /projects/vote4me.com.au/Smarty FAQ
2007.08.17 12:23 B D:\wamp\www\Smarty\INSTALL --> ftp.techone.net.au /projects/vote4me.com.au/Smarty INSTALL
2007.08.17 12:23 B D:\wamp\www\Smarty\NEWS --> ftp.techone.net.au /projects/vote4me.com.au/Smarty NEWS
2007.08.17 12:23 B D:\wamp\www\Smarty\QUICK_START --> ftp.techone.net.au /projects/vote4me.com.au/Smarty QUICK_START
2007.08.17 12:23 B D:\wamp\www\Smarty\README --> ftp.techone.net.au /projects/vote4me.com.au/Smarty README
2007.08.17 12:23 B D:\wamp\www\Smarty\RELEASE_NOTES --> ftp.techone.net.au /projects/vote4me.com.au/Smarty RELEASE_NOTES
2007.08.17 12:23 B D:\wamp\www\Smarty\TODO --> ftp.techone.net.au /projects/vote4me.com.au/Smarty TODO
2008.01.08 16:48 B D:\wamp\www\Smarty\BUGS --> srs-infosystems.com /Smarty BUGS
2008.01.08 16:48 B D:\wamp\www\Smarty\ChangeLog --> srs-infosystems.com /Smarty ChangeLog
2008.01.08 16:48 B D:\wamp\www\Smarty\COPYING.lib --> srs-infosystems.com /Smarty COPYING.lib
2008.01.08 16:48 B D:\wamp\www\Smarty\FAQ --> srs-infosystems.com /Smarty FAQ
2008.01.08 16:48 B D:\wamp\www\Smarty\INSTALL --> srs-infosystems.com /Smarty INSTALL
2008.01.08 16:48 B D:\wamp\www\Smarty\NEWS --> srs-infosystems.com /Smarty NEWS
2008.01.08 16:49 B D:\wamp\www\Smarty\QUICK_START --> srs-infosystems.com /Smarty QUICK_START
2008.01.08 16:49 B D:\wamp\www\Smarty\README --> srs-infosystems.com /Smarty README
2008.01.08 16:49 B D:\wamp\www\Smarty\RELEASE_NOTES --> srs-infosystems.com /Smarty RELEASE_NOTES
2008.01.08 16:49 B D:\wamp\www\Smarty\TODO --> srs-infosystems.com /Smarty TODO
2008.01.08 16:49 B D:\wamp\www\Smarty\WS_FTP.LOG --> srs-infosystems.com /Smarty WS_FTP.LOG
2008.01.29 11:48 B D:\wamp\www\Smarty\BUGS --> ftp.televakt.no /Smarty BUGS
2008.01.29 11:48 B D:\wamp\www\Smarty\ChangeLog --> ftp.televakt.no /Smarty ChangeLog
2008.01.29 11:48 B D:\wamp\www\Smarty\COPYING.lib --> ftp.televakt.no /Smarty COPYING.lib
2008.01.29 11:48 B D:\wamp\www\Smarty\FAQ --> ftp.televakt.no /Smarty FAQ
2008.01.29 11:48 B D:\wamp\www\Smarty\INSTALL --> ftp.televakt.no /Smarty INSTALL
2008.01.29 11:49 B D:\wamp\www\Smarty\NEWS --> ftp.televakt.no /Smarty NEWS
2008.01.29 11:49 B D:\wamp\www\Smarty\QUICK_START --> ftp.televakt.no /Smarty QUICK_START
2008.01.29 11:49 B D:\wamp\www\Smarty\README --> ftp.televakt.no /Smarty README
2008.01.29 11:49 B D:\wamp\www\Smarty\RELEASE_NOTES --> ftp.televakt.no /Smarty RELEASE_NOTES
2008.01.29 11:49 B D:\wamp\www\Smarty\TODO --> ftp.televakt.no /Smarty TODO
2008.01.29 11:49 B D:\wamp\www\Smarty\WS_FTP.LOG --> ftp.televakt.no /Smarty WS_FTP.LOG
